<?xml version="1.0" encoding="UTF-8"?>
<!-- Generated by org.testng.reporters.JUnitReportReporter -->
<testsuite hostname="dt93" failures="0" tests="1" name="Vendors.AddServiceArea" time="175.258" errors="0" timestamp="2021-03-17T16:10:44 IST" skipped="0">
  <testcase classname="Vendors.AddServiceArea" name="addServiceAreaConfig" time="175.258"/>
  <system-out/>
</testsuite> <!-- Vendors.AddServiceArea -->
