<?xml version="1.0" encoding="UTF-8"?>
<!-- Generated by org.testng.reporters.JUnitReportReporter -->
<testsuite hostname="dt93" failures="0" tests="1" name="Vendors.CreateFirmVendor" time="128.178" errors="0" timestamp="2021-03-17T16:10:44 IST" skipped="0">
  <testcase classname="Vendors.CreateFirmVendor" name="createVendorConfig" time="128.178"/>
  <system-out/>
</testsuite> <!-- Vendors.CreateFirmVendor -->
