<?xml version="1.0" encoding="UTF-8"?>
<!-- Generated by org.testng.reporters.JUnitReportReporter -->
<testsuite hostname="dt93" failures="0" tests="1" name="Orders.CreateOrderConfig" time="269.541" errors="0" timestamp="2021-03-17T16:25:18 IST" skipped="0">
  <testcase classname="Orders.CreateOrderConfig" name="createOrder" time="269.541"/>
  <system-out/>
</testsuite> <!-- Orders.CreateOrderConfig -->
