<?xml version="1.0" encoding="UTF-8"?>
<!-- Generated by org.testng.reporters.JUnitReportReporter -->
<testsuite hostname="dt93" failures="0" tests="1" name="Client.createClient" time="255.961" errors="0" timestamp="2021-03-17T16:10:44 IST" skipped="0">
  <testcase classname="Client.createClient" name="CreateClientConfig" time="255.961"/>
  <system-out/>
</testsuite> <!-- Client.createClient -->
