<?xml version="1.0" encoding="UTF-8"?>
<!-- Generated by org.testng.reporters.JUnitReportReporter -->
<testsuite hostname="dt93" failures="0" tests="1" name="Master.Login" time="21.294" errors="0" timestamp="2021-03-17T15:09:36 IST" skipped="0">
  <testcase classname="Master.Login" name="login" time="21.294"/>
  <system-out/>
</testsuite> <!-- Master.Login -->
